Assembler report for Exerion
Wed Nov 09 21:05:26 2022
Quartus Prime Version 17.0.2 Build 602 07/19/2017 SJ Lite Edition


---------------------
; Table of Contents ;
---------------------
  1. Legal Notice
  2. Assembler Summary
  3. Assembler Settings
  4. Assembler Generated Files
  5. Assembler Device Options: C:/Users/Anton Gale/Documents/GitHub/EXERION/fpga/output_files/Exerion.sof
  6. Assembler Device Options: C:/Users/Anton Gale/Documents/GitHub/EXERION/fpga/output_files/Exerion.rbf
  7. Assembler Messages



----------------
; Legal Notice ;
----------------
Copyright (C) 2017  Intel Corporation. All rights reserved.
Your use of Intel Corporation's design tools, logic functions 
and other software and tools, and its AMPP partner logic 
functions, and any output files from any of the foregoing 
(including device programming or simulation files), and any 
associated documentation or information are expressly subject 
to the terms and conditions of the Intel Program License 
Subscription Agreement, the Intel Quartus Prime License Agreement,
the Intel MegaCore Function License Agreement, or other 
applicable license agreement, including, without limitation, 
that your use is for the sole purpose of programming logic 
devices manufactured by Intel and sold by Intel or its 
authorized distributors.  Please refer to the applicable 
agreement for further details.



+---------------------------------------------------------------+
; Assembler Summary                                             ;
+-----------------------+---------------------------------------+
; Assembler Status      ; Successful - Wed Nov 09 21:05:26 2022 ;
; Revision Name         ; Exerion                               ;
; Top-level Entity Name ; sys_top                               ;
; Family                ; Cyclone V                             ;
; Device                ; 5CSEBA6U23I7                          ;
+-----------------------+---------------------------------------+


+----------------------------------+
; Assembler Settings               ;
+--------+---------+---------------+
; Option ; Setting ; Default Value ;
+--------+---------+---------------+


+----------------------------------------------------------------------------+
; Assembler Generated Files                                                  ;
+----------------------------------------------------------------------------+
; File Name                                                                  ;
+----------------------------------------------------------------------------+
; C:/Users/Anton Gale/Documents/GitHub/EXERION/fpga/output_files/Exerion.sof ;
; C:/Users/Anton Gale/Documents/GitHub/EXERION/fpga/output_files/Exerion.rbf ;
+----------------------------------------------------------------------------+


+------------------------------------------------------------------------------------------------------+
; Assembler Device Options: C:/Users/Anton Gale/Documents/GitHub/EXERION/fpga/output_files/Exerion.sof ;
+----------------+-------------------------------------------------------------------------------------+
; Option         ; Setting                                                                             ;
+----------------+-------------------------------------------------------------------------------------+
; JTAG usercode  ; 0x06799472                                                                          ;
; Checksum       ; 0x06799472                                                                          ;
+----------------+-------------------------------------------------------------------------------------+


+------------------------------------------------------------------------------------------------------+
; Assembler Device Options: C:/Users/Anton Gale/Documents/GitHub/EXERION/fpga/output_files/Exerion.rbf ;
+---------------------+--------------------------------------------------------------------------------+
; Option              ; Setting                                                                        ;
+---------------------+--------------------------------------------------------------------------------+
; Raw Binary File     ;                                                                                ;
;  Compression Ratio  ; 2                                                                              ;
+---------------------+--------------------------------------------------------------------------------+


+--------------------+
; Assembler Messages ;
+--------------------+
Info: *******************************************************************
Info: Running Quartus Prime Assembler
    Info: Version 17.0.2 Build 602 07/19/2017 SJ Lite Edition
    Info: Processing started: Wed Nov 09 21:05:05 2022
Info: Command: quartus_asm --read_settings_files=off --write_settings_files=off EXERION -c Exerion
Info (115030): Assembler is generating device programming files
Info: Quartus Prime Assembler was successful. 0 errors, 0 warnings
    Info: Peak virtual memory: 5124 megabytes
    Info: Processing ended: Wed Nov 09 21:05:26 2022
    Info: Elapsed time: 00:00:21
    Info: Total CPU time (on all processors): 00:00:21


